2017-05-14T21:35:16.117+0700 I CONTROL  [initandlisten] MongoDB starting : pid=821 port=27017 dbpath=/data/db 64-bit host=DANGs-MacBook-Pro.local
2017-05-14T21:35:16.118+0700 I CONTROL  [initandlisten] db version v3.4.2
2017-05-14T21:35:16.118+0700 I CONTROL  [initandlisten] git version: 3f76e40c105fc223b3e5aac3e20dcd026b83b38b
2017-05-14T21:35:16.118+0700 I CONTROL  [initandlisten] OpenSSL version: OpenSSL 1.0.2k  26 Jan 2017
2017-05-14T21:35:16.118+0700 I CONTROL  [initandlisten] allocator: system
2017-05-14T21:35:16.118+0700 I CONTROL  [initandlisten] modules: none
2017-05-14T21:35:16.118+0700 I CONTROL  [initandlisten] build environment:
2017-05-14T21:35:16.118+0700 I CONTROL  [initandlisten]     distarch: x86_64
2017-05-14T21:35:16.118+0700 I CONTROL  [initandlisten]     target_arch: x86_64
2017-05-14T21:35:16.118+0700 I CONTROL  [initandlisten] options: {}
2017-05-14T21:35:16.118+0700 W -        [initandlisten] Detected unclean shutdown - /data/db/mongod.lock is not empty.
2017-05-14T21:35:16.119+0700 I -        [initandlisten] Detected data files in /data/db created by the 'wiredTiger' storage engine, so setting the active storage engine to 'wiredTiger'.
2017-05-14T21:35:16.119+0700 W STORAGE  [initandlisten] Recovering data from the last clean checkpoint.
2017-05-14T21:35:16.119+0700 I STORAGE  [initandlisten] wiredtiger_open config: create,cache_size=3584M,session_max=20000,eviction=(threads_max=4),config_base=false,statistics=(fast),log=(enabled=true,archive=true,path=journal,compressor=snappy),file_manager=(close_idle_time=100000),checkpoint=(wait=60,log_size=2GB),statistics_log=(wait=0),
2017-05-14T21:35:16.859+0700 I CONTROL  [initandlisten] 
2017-05-14T21:35:16.859+0700 I CONTROL  [initandlisten] ** WARNING: Access control is not enabled for the database.
2017-05-14T21:35:16.859+0700 I CONTROL  [initandlisten] **          Read and write access to data and configuration is unrestricted.
2017-05-14T21:35:16.859+0700 I CONTROL  [initandlisten] 
2017-05-14T21:35:16.859+0700 I CONTROL  [initandlisten] 
2017-05-14T21:35:16.859+0700 I CONTROL  [initandlisten] ** WARNING: soft rlimits too low. Number of files is 256, should be at least 1000
2017-05-14T21:35:16.917+0700 I FTDC     [initandlisten] Initializing full-time diagnostic data capture with directory '/data/db/diagnostic.data'
2017-05-14T21:35:16.918+0700 I NETWORK  [thread1] waiting for connections on port 27017
2017-05-14T21:35:17.015+0700 I FTDC     [ftdc] Unclean full-time diagnostic data capture shutdown detected, found interim file, some metrics may have been lost. OK
2017-05-14T21:35:28.081+0700 I NETWORK  [thread1] connection accepted from 127.0.0.1:49971 #1 (1 connection now open)
2017-05-14T21:35:28.089+0700 I NETWORK  [conn1] received client metadata from 127.0.0.1:49971 conn1: { driver: { name: "nodejs", version: "2.2.26" }, os: { type: "Darwin", name: "darwin", architecture: "x64", version: "16.5.0" }, platform: "Node.js v7.6.0, LE, mongodb-core: 2.1.10" }
2017-05-14T21:36:27.274+0700 I -        [conn1] end connection 127.0.0.1:49971 (1 connection now open)
